0  0  0
1  0  0
2  0  0
3  0  0
4  0  0
5  0  0
6  6.17562e-06  6.17562e-06
7  6.08084e-06  6.08084e-06
8  5.96981e-06  5.96981e-06
9  5.84227e-06  5.84227e-06
10  5.69801e-06  5.69801e-06
11  5.53679e-06  5.53679e-06
12  5.35841e-06  5.35841e-06
13  5.16266e-06  5.16266e-06
14  4.94934e-06  4.94934e-06
15  4.71823e-06  4.71823e-06
16  4.46912e-06  4.46912e-06
17  4.20178e-06  4.20178e-06
18  3.91597e-06  3.91597e-06
19  3.61141e-06  3.61141e-06
20  3.28783e-06  3.28783e-06
21  2.94489e-06  2.94489e-06
22  2.58225e-06  2.58225e-06
23  2.19952e-06  2.19952e-06
24  1.79627e-06  1.79627e-06
25  1.37204e-06  1.37204e-06
26  9.26317e-07  9.26317e-07
27  4.58527e-07  4.58527e-07
28  -3.19363e-08  -3.19363e-08
29  -5.4574e-07  -5.4574e-07
30  -1.0836e-06  -1.0836e-06
31  -1.6463e-06  -1.6463e-06
32  -2.23467e-06  -2.23467e-06
33  -2.84959e-06  -2.84959e-06
34  -3.49203e-06  -3.49203e-06
35  -4.16298e-06  -4.16298e-06
36  -4.86352e-06  -4.86352e-06
37  -5.59478e-06  -5.59478e-06
38  -6.35794e-06  -6.35794e-06
39  -7.15426e-06  -7.15426e-06
40  -7.98504e-06  -7.98504e-06
41  -8.85166e-06  -8.85166e-06
42  -9.75553e-06  -9.75553e-06
43  -1.06982e-05  -1.06982e-05
44  -1.16811e-05  -1.16811e-05
45  -1.27059e-05  -1.27059e-05
46  -1.37742e-05  -1.37742e-05
47  -1.48878e-05  -1.48878e-05
48  -1.60484e-05  -1.60484e-05
49  -1.72579e-05  -1.72579e-05
50  -1.85181e-05  -1.85181e-05
51  -1.98309e-05  -1.98309e-05
52  -2.11984e-05  -2.11984e-05
53  -2.26226e-05  -2.26226e-05
54  -2.41055e-05  -2.41055e-05
55  -2.56494e-05  -2.56494e-05
56  -2.72564e-05  -2.72564e-05
57  -2.89288e-05  -2.89288e-05
58  -3.06689e-05  -3.06689e-05
59  -3.24791e-05  -3.24791e-05
60  -3.43617e-05  -3.43617e-05
61  -3.63194e-05  -3.63194e-05
62  -3.83545e-05  -3.83545e-05
63  -4.04698e-05  -4.04698e-05
64  -4.26678e-05  -4.26678e-05
65  -4.49512e-05  -4.49512e-05
66  -4.7323e-05  -4.7323e-05
67  -4.97858e-05  -4.97858e-05
68  -5.23426e-05  -5.23426e-05
69  -5.49964e-05  -5.49964e-05
70  -5.77501e-05  -5.77501e-05
71  -6.0607e-05  -6.0607e-05
72  -6.35701e-05  -6.35701e-05
73  -6.66427e-05  -6.66427e-05
74  -6.98281e-05  -6.98281e-05
75  -7.31296e-05  -7.31296e-05
76  -7.65509e-05  -7.65509e-05
77  -8.00953e-05  -8.00953e-05
78  -8.37664e-05  -8.37664e-05
79  -8.75681e-05  -8.75681e-05
80  -9.15039e-05  -9.15039e-05
81  -9.55779e-05  -9.55779e-05
82  -9.97938e-05  -9.97938e-05
83  -0.000104156  -0.000104156
84  -0.000108668  -0.000108668
85  -0.000113334  -0.000113334
86  -0.000118159  -0.000118159
87  -0.000123147  -0.000123147
88  -0.000128302  -0.000128302
89  -0.000133629  -0.000133629
90  -0.000139133  -0.000139133
91  -0.000144818  -0.000144818
92  -0.000150688  -0.000150688
93  -0.00015675  -0.00015675
94  -0.000163008  -0.000163008
95  -0.000169467  -0.000169467
96  -0.000176132  -0.000176132
97  -0.000183008  -0.000183008
98  -0.000190101  -0.000190101
99  -0.000197417  -0.000197417
100  -0.000204961  -0.000204961
101  -0.000212738  -0.000212738
102  -0.000220755  -0.000220755
103  -0.000229017  -0.000229017
104  -0.000237531  -0.000237531
105  -0.000246301  -0.000246301
106  -0.000255335  -0.000255335
107  -0.000264639  -0.000264639
108  -0.00027422  -0.00027422
109  -0.000284083  -0.000284083
110  -0.000294235  -0.000294235
111  -0.000304683  -0.000304683
112  -0.000315434  -0.000315434
113  -0.000326494  -0.000326494
114  -0.000337871  -0.000337871
115  -0.000349572  -0.000349572
116  -0.000361604  -0.000361604
117  -0.000373974  -0.000373974
118  -0.000386689  -0.000386689
119  -0.000399757  -0.000399757
120  -0.000413186  -0.000413186
121  -0.000426984  -0.000426984
122  -0.000441157  -0.000441157
123  -0.000455714  -0.000455714
124  -0.000470663  -0.000470663
125  -0.000486012  -0.000486012
126  -0.000501769  -0.000501769
127  -0.000517943  -0.000517943
128  -0.000534541  -0.000534541
129  -0.000551571  -0.000551571
130  -0.000569044  -0.000569044
131  -0.000586966  -0.000586966
132  -0.000605347  -0.000605347
133  -0.000624195  -0.000624195
134  -0.00064352  -0.00064352
135  -0.00066333  -0.00066333
136  -0.000683633  -0.000683633
137  -0.00070444  -0.00070444
138  -0.000725758  -0.000725758
139  -0.000747598  -0.000747598
140  -0.000769969  -0.000769969
141  -0.000792878  -0.000792878
142  -0.000816337  -0.000816337
143  -0.000840354  -0.000840354
144  -0.000864939  -0.000864939
145  -0.0008901  -0.0008901
146  -0.000915849  -0.000915849
147  -0.000942193  -0.000942193
148  -0.000969143  -0.000969143
149  -0.000996708  -0.000996708
150  -0.0010249  -0.0010249
151  -0.00105372  -0.00105372
152  -0.00108319  -0.00108319
153  -0.00111331  -0.00111331
154  -0.00114409  -0.00114409
155  -0.00117555  -0.00117555
156  -0.00120769  -0.00120769
157  -0.00124052  -0.00124052
158  -0.00127405  -0.00127405
159  -0.00130829  -0.00130829
160  -0.00134325  -0.00134325
161  -0.00137894  -0.00137894
162  -0.00141537  -0.00141537
163  -0.00145255  -0.00145255
164  -0.00149048  -0.00149048
165  -0.00152918  -0.00152918
166  -0.00156865  -0.00156865
167  -0.00160891  -0.00160891
168  -0.00164996  -0.00164996
169  -0.00169181  -0.00169181
170  -0.00173448  -0.00173448
171  -0.00177795  -0.00177795
172  -0.00182226  -0.00182226
173  -0.0018674  -0.0018674
174  -0.00191338  -0.00191338
175  -0.00196022  -0.00196022
176  -0.00200791  -0.00200791
177  -0.00205646  -0.00205646
178  -0.00210589  -0.00210589
179  -0.00215619  -0.00215619
180  -0.00220738  -0.00220738
181  -0.00225946  -0.00225946
182  -0.00231244  -0.00231244
183  -0.00236633  -0.00236633
184  -0.00242112  -0.00242112
185  -0.00247683  -0.00247683
186  -0.00253345  -0.00253345
187  -0.002591  -0.002591
188  -0.00264948  -0.00264948
189  -0.00270889  -0.00270889
190  -0.00276924  -0.00276924
191  -0.00283052  -0.00283052
192  -0.00289274  -0.00289274
193  -0.00295591  -0.00295591
194  -0.00302002  -0.00302002
195  -0.00308508  -0.00308508
196  -0.00315109  -0.00315109
197  -0.00321804  -0.00321804
198  -0.00328594  -0.00328594
199  -0.00335479  -0.00335479
200  -0.00342458  -0.00342458
201  -0.00349531  -0.00349531
202  -0.00356699  -0.00356699
203  -0.0036396  -0.0036396
204  -0.00371315  -0.00371315
205  -0.00378762  -0.00378762
206  -0.00386303  -0.00386303
207  -0.00393935  -0.00393935
208  -0.00401658  -0.00401658
209  -0.00409471  -0.00409471
210  -0.00417375  -0.00417375
211  -0.00425367  -0.00425367
212  -0.00433447  -0.00433447
213  -0.00441614  -0.00441614
214  -0.00449867  -0.00449867
215  -0.00458204  -0.00458204
216  -0.00466625  -0.00466625
217  -0.00475127  -0.00475127
218  -0.0048371  -0.0048371
219  -0.00492372  -0.00492372
220  -0.0050111  -0.0050111
221  -0.00509924  -0.00509924
222  -0.00518812  -0.00518812
223  -0.00527771  -0.00527771
224  -0.00536799  -0.00536799
225  -0.00545895  -0.00545895
226  -0.00555055  -0.00555055
227  -0.00564278  -0.00564278
228  -0.0057356  -0.0057356
229  -0.005829  -0.005829
230  -0.00592294  -0.00592294
231  -0.0060174  -0.0060174
232  -0.00611234  -0.00611234
233  -0.00620773  -0.00620773
234  -0.00630354  -0.00630354
235  -0.00639974  -0.00639974
236  -0.00649628  -0.00649628
237  -0.00659313  -0.00659313
238  -0.00669026  -0.00669026
239  -0.00678762  -0.00678762
240  -0.00688517  -0.00688517
241  -0.00698286  -0.00698286
242  -0.00708066  -0.00708066
243  -0.00717852  -0.00717852
244  -0.00727638  -0.00727638
245  -0.00737419  -0.00737419
246  -0.00747192  -0.00747192
247  -0.0075695  -0.0075695
248  -0.00766687  -0.00766687
249  -0.00776399  -0.00776399
250  -0.0078608  -0.0078608
251  -0.00795722  -0.00795722
252  -0.00805321  -0.00805321
253  -0.0081487  -0.0081487
254  -0.00824362  -0.00824362
255  -0.00833791  -0.00833791
256  -0.0084315  -0.0084315
257  -0.00852431  -0.00852431
258  -0.00861627  -0.00861627
259  -0.00870731  -0.00870731
260  -0.00879735  -0.00879735
261  -0.00888631  -0.00888631
262  -0.00897412  -0.00897412
263  -0.00906068  -0.00906068
264  -0.00914591  -0.00914591
265  -0.00922973  -0.00922973
266  -0.00931204  -0.00931204
267  -0.00939276  -0.00939276
268  -0.00947179  -0.00947179
269  -0.00954903  -0.00954903
270  -0.00962439  -0.00962439
271  -0.00969777  -0.00969777
272  -0.00976907  -0.00976907
273  -0.00983817  -0.00983817
274  -0.00990498  -0.00990498
275  -0.00996938  -0.00996938
276  -0.0100313  -0.0100313
277  -0.0100905  -0.0100905
278  -0.010147  -0.010147
279  -0.0102007  -0.0102007
280  -0.0102513  -0.0102513
281  -0.0102989  -0.0102989
282  -0.0103432  -0.0103432
283  -0.0103842  -0.0103842
284  -0.0104217  -0.0104217
285  -0.0104555  -0.0104555
286  -0.0104856  -0.0104856
287  -0.0105118  -0.0105118
288  -0.010534  -0.010534
289  -0.010552  -0.010552
290  -0.0105657  -0.0105657
291  -0.010575  -0.010575
292  -0.0105796  -0.0105796
293  -0.0105795  -0.0105795
294  -0.0105745  -0.0105745
295  -0.0105644  -0.0105644
296  -0.0105491  -0.0105491
297  -0.0105284  -0.0105284
298  -0.0105022  -0.0105022
299  -0.0104702  -0.0104702
300  -0.0104324  -0.0104324
301  -0.0103886  -0.0103886
302  -0.0103385  -0.0103385
303  -0.0102821  -0.0102821
304  -0.0102191  -0.0102191
305  -0.0101494  -0.0101494
306  -0.0100728  -0.0100728
307  -0.00998905  -0.00998905
308  -0.00989805  -0.00989805
309  -0.0097996  -0.0097996
310  -0.0096935  -0.0096935
311  -0.00957957  -0.00957957
312  -0.00945761  -0.00945761
313  -0.00932744  -0.00932744
314  -0.00918885  -0.00918885
315  -0.00904165  -0.00904165
316  -0.00888564  -0.00888564
317  -0.00872063  -0.00872063
318  -0.00854641  -0.00854641
319  -0.00836277  -0.00836277
320  -0.00816952  -0.00816952
321  -0.00796644  -0.00796644
322  -0.00775333  -0.00775333
323  -0.00752998  -0.00752998
324  -0.00729617  -0.00729617
325  -0.00705169  -0.00705169
326  -0.00679633  -0.00679633
327  -0.00652988  -0.00652988
328  -0.00625211  -0.00625211
329  -0.00596281  -0.00596281
330  -0.00566175  -0.00566175
331  -0.00534873  -0.00534873
332  -0.00502351  -0.00502351
333  -0.00468588  -0.00468588
334  -0.0043356  -0.0043356
335  -0.00397247  -0.00397247
336  -0.00359624  -0.00359624
337  -0.0032067  -0.0032067
338  -0.00280362  -0.00280362
339  -0.00238677  -0.00238677
340  -0.00195593  -0.00195593
341  -0.00151087  -0.00151087
342  -0.00105135  -0.00105135
343  -0.000577161  -0.000577161
344  -8.80629e-05  -8.80629e-05
345  0.000416168  0.000416168
346  0.000935761  0.000935761
347  0.00147094  0.00147094
348  0.00202194  0.00202194
349  0.00258897  0.00258897
350  0.00317228  0.00317228
351  0.00377207  0.00377207
352  0.00438857  0.00438857
353  0.00502202  0.00502202
354  0.00567261  0.00567261
355  0.00634058  0.00634058
356  0.00702614  0.00702614
357  0.0077295  0.0077295
358  0.00845087  0.00845087
359  0.00919047  0.00919047
360  0.0099485  0.0099485
361  0.0107252  0.0107252
362  0.0115206  0.0115206
363  0.0123351  0.0123351
364  0.0131689  0.0131689
365  0.014022  0.014022
366  0.0148947  0.0148947
367  0.0157871  0.0157871
368  0.0166995  0.0166995
369  0.0176319  0.0176319
370  0.0185846  0.0185846
371  0.0195576  0.0195576
372  0.0205511  0.0205511
373  0.0215653  0.0215653
374  0.0226003  0.0226003
375  0.0236561  0.0236561
376  0.0247328  0.0247328
377  0.0258306  0.0258306
378  0.0269495  0.0269495
379  0.0280896  0.0280896
380  0.0292509  0.0292509
381  0.0304334  0.0304334
382  0.0316371  0.0316371
383  0.0328621  0.0328621
384  0.0341083  0.0341083
385  0.0353756  0.0353756
386  0.036664  0.036664
387  0.0379734  0.0379734
388  0.0393037  0.0393037
389  0.0406546  0.0406546
390  0.0420262  0.0420262
391  0.0434181  0.0434181
392  0.0448301  0.0448301
393  0.0462619  0.0462619
394  0.0477134  0.0477134
395  0.049184  0.049184
396  0.0506736  0.0506736
397  0.0521816  0.0521816
398  0.0537076  0.0537076
399  0.0552511  0.0552511
400  0.0568116  0.0568116
401  0.0583885  0.0583885
402  0.0599813  0.0599813
403  0.0615891  0.0615891
404  0.0632113  0.0632113
405  0.064847  0.064847
406  0.0664956  0.0664956
407  0.068156  0.068156
408  0.0698273  0.0698273
409  0.0715085  0.0715085
410  0.0731985  0.0731985
411  0.0748962  0.0748962
412  0.0766003  0.0766003
413  0.0783097  0.0783097
414  0.0800229  0.0800229
415  0.0817386  0.0817386
416  0.0834553  0.0834553
417  0.0851714  0.0851714
418  0.0868854  0.0868854
419  0.0885956  0.0885956
420  0.0903001  0.0903001
421  0.0919973  0.0919973
422  0.0936852  0.0936852
423  0.0953619  0.0953619
424  0.0970254  0.0970254
425  0.0986736  0.0986736
426  0.100304  0.100304
427  0.101916  0.101916
428  0.103505  0.103505
429  0.105071  0.105071
430  0.10661  0.10661
431  0.10812  0.10812
432  0.1096  0.1096
433  0.111045  0.111045
434  0.112456  0.112456
435  0.113827  0.113827
436  0.115159  0.115159
437  0.116447  0.116447
438  0.117689  0.117689
439  0.118884  0.118884
440  0.120029  0.120029
441  0.121122  0.121122
442  0.12216  0.12216
443  0.123142  0.123142
444  0.124064  0.124064
445  0.124927  0.124927
446  0.125726  0.125726
447  0.126462  0.126462
448  0.127132  0.127132
449  0.127735  0.127735
450  0.12827  0.12827
451  0.128735  0.128735
452  0.129129  0.129129
453  0.129453  0.129453
454  0.129704  0.129704
455  0.129884  0.129884
456  0.129992  0.129992
457  0.130027  0.130027
458  0.129991  0.129991
459  0.129883  0.129883
460  0.129705  0.129705
461  0.129457  0.129457
462  0.129141  0.129141
463  0.128758  0.128758
464  0.12831  0.12831
465  0.127798  0.127798
466  0.127225  0.127225
467  0.126594  0.126594
468  0.125905  0.125905
469  0.125163  0.125163
470  0.12437  0.12437
471  0.123528  0.123528
472  0.122642  0.122642
473  0.121714  0.121714
474  0.120747  0.120747
475  0.119745  0.119745
476  0.118711  0.118711
477  0.117649  0.117649
478  0.116562  0.116562
479  0.115454  0.115454
480  0.114328  0.114328
481  0.113188  0.113188
482  0.112037  0.112037
483  0.110878  0.110878
484  0.109714  0.109714
485  0.108549  0.108549
486  0.107385  0.107385
487  0.106225  0.106225
488  0.105072  0.105072
489  0.103928  0.103928
490  0.102795  0.102795
491  0.101675  0.101675
492  0.100571  0.100571
493  0.0994834  0.0994834
494  0.0984141  0.0984141
495  0.0973643  0.0973643
496  0.0963349  0.0963349
497  0.0953268  0.0953268
498  0.0943406  0.0943406
499  0.0933767  0.0933767
500  0.0924353  0.0924353
501  0.0915164  0.0915164
502  0.09062  0.09062
503  0.0897458  0.0897458
504  0.0888933  0.0888933
505  0.0880619  0.0880619
506  0.087251  0.087251
507  0.0864598  0.0864598
508  0.0856873  0.0856873
509  0.0849325  0.0849325
510  0.0841944  0.0841944
511  0.0834717  0.0834717
512  0.0827635  0.0827635
513  0.0820683  0.0820683
514  0.0813849  0.0813849
515  0.080712  0.080712
516  0.0800483  0.0800483
517  0.0793926  0.0793926
518  0.0787435  0.0787435
519  0.0780997  0.0780997
520  0.0774599  0.0774599
521  0.0768229  0.0768229
522  0.0761875  0.0761875
523  0.0755525  0.0755525
524  0.0749167  0.0749167
525  0.074279  0.074279
526  0.0736383  0.0736383
527  0.0729935  0.0729935
528  0.0723437  0.0723437
529  0.071688  0.071688
530  0.0710253  0.0710253
531  0.0703549  0.0703549
532  0.0696758  0.0696758
533  0.0689874  0.0689874
534  0.0682888  0.0682888
535  0.0675793  0.0675793
536  0.0668583  0.0668583
537  0.0661252  0.0661252
538  0.0653792  0.0653792
539  0.0646199  0.0646199
540  0.0638466  0.0638466
541  0.063059  0.063059
542  0.0622565  0.0622565
543  0.0614386  0.0614386
544  0.0606049  0.0606049
545  0.0597551  0.0597551
546  0.0588888  0.0588888
547  0.0580055  0.0580055
548  0.0571051  0.0571051
549  0.0561871  0.0561871
550  0.0552514  0.0552514
551  0.0542976  0.0542976
552  0.0533256  0.0533256
553  0.0523351  0.0523351
554  0.0513259  0.0513259
555  0.0502979  0.0502979
556  0.049251  0.049251
557  0.048185  0.048185
558  0.0470998  0.0470998
559  0.0459954  0.0459954
560  0.0448717  0.0448717
561  0.0437288  0.0437288
562  0.0425665  0.0425665
563  0.041385  0.041385
564  0.0401842  0.0401842
565  0.0389643  0.0389643
566  0.0377253  0.0377253
567  0.0364673  0.0364673
568  0.0351905  0.0351905
569  0.033895  0.033895
570  0.032581  0.032581
571  0.0312487  0.0312487
572  0.0298982  0.0298982
573  0.0285299  0.0285299
574  0.027144  0.027144
575  0.0257407  0.0257407
576  0.0243203  0.0243203
577  0.0228831  0.0228831
578  0.0214295  0.0214295
579  0.0199598  0.0199598
580  0.0184742  0.0184742
581  0.0169733  0.0169733
582  0.0154572  0.0154572
583  0.0139265  0.0139265
584  0.0123816  0.0123816
585  0.0108228  0.0108228
586  0.00925053  0.00925053
587  0.00766529  0.00766529
588  0.00606751  0.00606751
589  0.00445765  0.00445765
590  0.00283618  0.00283618
591  0.00120359  0.00120359
592  -0.000439609  -0.000439609
593  -0.00209291  -0.00209291
594  -0.00375579  -0.00375579
595  -0.0054277  -0.0054277
596  -0.00710808  -0.00710808
597  -0.00879635  -0.00879635
598  -0.0104919  -0.0104919
599  -0.0121942  -0.0121942
600  -0.0139025  -0.0139025
601  -0.0156163  -0.0156163
602  -0.0173348  -0.0173348
603  -0.0190574  -0.0190574
604  -0.0207833  -0.0207833
605  -0.0225118  -0.0225118
606  -0.0242422  -0.0242422
607  -0.0259737  -0.0259737
608  -0.0277054  -0.0277054
609  -0.0294366  -0.0294366
610  -0.0311663  -0.0311663
611  -0.0328938  -0.0328938
612  -0.034618  -0.034618
613  -0.0363381  -0.0363381
614  -0.0380531  -0.0380531
615  -0.0397619  -0.0397619
616  -0.0414637  -0.0414637
617  -0.0431572  -0.0431572
618  -0.0448415  -0.0448415
619  -0.0465154  -0.0465154
620  -0.0481779  -0.0481779
621  -0.0498278  -0.0498278
622  -0.0514639  -0.0514639
623  -0.053085  -0.053085
624  -0.05469  -0.05469
625  -0.0562776  -0.0562776
626  -0.0578465  -0.0578465
627  -0.0593956  -0.0593956
628  -0.0609235  -0.0609235
629  -0.0624289  -0.0624289
630  -0.0639107  -0.0639107
631  -0.0653675  -0.0653675
632  -0.0667979  -0.0667979
633  -0.0682008  -0.0682008
634  -0.0695748  -0.0695748
635  -0.0709186  -0.0709186
636  -0.072231  -0.072231
637  -0.0735106  -0.0735106
638  -0.0747562  -0.0747562
639  -0.0759666  -0.0759666
640  -0.0771405  -0.0771405
641  -0.0782766  -0.0782766
642  -0.079374  -0.079374
643  -0.0804312  -0.0804312
644  -0.0814473  -0.0814473
645  -0.0824211  -0.0824211
646  -0.0833515  -0.0833515
647  -0.0842375  -0.0842375
648  -0.085078  -0.085078
649  -0.0858722  -0.0858722
650  -0.0866191  -0.0866191
651  -0.0873178  -0.0873178
652  -0.0879675  -0.0879675
653  -0.0885673  -0.0885673
654  -0.0891167  -0.0891167
655  -0.0896148  -0.0896148
656  -0.090061  -0.090061
657  -0.0904549  -0.0904549
658  -0.0907958  -0.0907958
659  -0.0910834  -0.0910834
660  -0.0913173  -0.0913173
661  -0.0914972  -0.0914972
662  -0.0916227  -0.0916227
663  -0.0916939  -0.0916939
664  -0.0917105  -0.0917105
665  -0.0916725  -0.0916725
666  -0.0915801  -0.0915801
667  -0.0914334  -0.0914334
668  -0.0912326  -0.0912326
669  -0.090978  -0.090978
670  -0.0906701  -0.0906701
671  -0.0903093  -0.0903093
672  -0.0898962  -0.0898962
673  -0.0894316  -0.0894316
674  -0.0889161  -0.0889161
675  -0.0883507  -0.0883507
676  -0.0877363  -0.0877363
677  -0.0870739  -0.0870739
678  -0.0863648  -0.0863648
679  -0.08561  -0.08561
680  -0.0848111  -0.0848111
681  -0.0839692  -0.0839692
682  -0.0830861  -0.0830861
683  -0.0821631  -0.0821631
684  -0.081202  -0.081202
685  -0.0802045  -0.0802045
686  -0.0791722  -0.0791722
687  -0.0781072  -0.0781072
688  -0.0770112  -0.0770112
689  -0.0758862  -0.0758862
690  -0.0747342  -0.0747342
691  -0.0735572  -0.0735572
692  -0.0723572  -0.0723572
693  -0.0711364  -0.0711364
694  -0.0698966  -0.0698966
695  -0.0686402  -0.0686402
696  -0.067369  -0.067369
697  -0.0660853  -0.0660853
698  -0.064791  -0.064791
699  -0.0634882  -0.0634882
700  -0.0621789  -0.0621789
701  -0.060865  -0.060865
702  -0.0595485  -0.0595485
703  -0.0582312  -0.0582312
704  -0.056915  -0.056915
705  -0.0556016  -0.0556016
706  -0.0542927  -0.0542927
707  -0.05299  -0.05299
708  -0.051695  -0.051695
709  -0.0504092  -0.0504092
710  -0.0491339  -0.0491339
711  -0.0478707  -0.0478707
712  -0.0466206  -0.0466206
713  -0.0453849  -0.0453849
714  -0.0441647  -0.0441647
715  -0.0429609  -0.0429609
716  -0.0417746  -0.0417746
717  -0.0406066  -0.0406066
718  -0.0394576  -0.0394576
719  -0.0383284  -0.0383284
720  -0.0372197  -0.0372197
721  -0.036132  -0.036132
722  -0.0350658  -0.0350658
723  -0.0340215  -0.0340215
724  -0.0329996  -0.0329996
725  -0.0320004  -0.0320004
726  -0.0310241  -0.0310241
727  -0.0300709  -0.0300709
728  -0.0291411  -0.0291411
729  -0.0282348  -0.0282348
730  -0.0273521  -0.0273521
731  -0.026493  -0.026493
732  -0.0256575  -0.0256575
733  -0.0248456  -0.0248456
734  -0.0240574  -0.0240574
735  -0.0232926  -0.0232926
736  -0.0225512  -0.0225512
737  -0.0218331  -0.0218331
738  -0.0211381  -0.0211381
739  -0.0204661  -0.0204661
740  -0.0198167  -0.0198167
741  -0.0191899  -0.0191899
742  -0.0185854  -0.0185854
743  -0.0180029  -0.0180029
744  -0.0174421  -0.0174421
745  -0.0169026  -0.0169026
746  -0.0163843  -0.0163843
747  -0.0158866  -0.0158866
748  -0.0154093  -0.0154093
749  -0.0149519  -0.0149519
750  -0.014514  -0.014514
751  -0.0140951  -0.0140951
752  -0.0136948  -0.0136948
753  -0.0133125  -0.0133125
754  -0.0129477  -0.0129477
755  -0.0125999  -0.0125999
756  -0.0122684  -0.0122684
757  -0.0119526  -0.0119526
758  -0.011652  -0.011652
759  -0.0113658  -0.0113658
760  -0.0110933  -0.0110933
761  -0.0108338  -0.0108338
762  -0.0105866  -0.0105866
763  -0.0103509  -0.0103509
764  -0.010126  -0.010126
765  -0.00991091  -0.00991091
766  -0.00970498  -0.00970498
767  -0.00950732  -0.00950732
768  -0.00931708  -0.00931708
769  -0.00913343  -0.00913343
770  -0.00895549  -0.00895549
771  -0.00878242  -0.00878242
772  -0.00861334  -0.00861334
773  -0.0084474  -0.0084474
774  -0.00828375  -0.00828375
775  -0.00812156  -0.00812156
776  -0.00796  -0.00796
777  -0.00779825  -0.00779825
778  -0.00763555  -0.00763555
779  -0.00747112  -0.00747112
780  -0.00730423  -0.00730423
781  -0.00713419  -0.00713419
782  -0.00696032  -0.00696032
783  -0.006782  -0.006782
784  -0.00659863  -0.00659863
785  -0.00640968  -0.00640968
786  -0.00621464  -0.00621464
787  -0.00601307  -0.00601307
788  -0.00580455  -0.00580455
789  -0.00558875  -0.00558875
790  -0.00536536  -0.00536536
791  -0.00513414  -0.00513414
792  -0.00489491  -0.00489491
793  -0.00464752  -0.00464752
794  -0.00439191  -0.00439191
795  -0.00412806  -0.00412806
796  -0.00385598  -0.00385598
797  -0.00357578  -0.00357578
798  -0.00328759  -0.00328759
799  -0.00299161  -0.00299161
800  -0.00268807  -0.00268807
801  -0.00237725  -0.00237725
802  -0.0020595  -0.0020595
803  -0.00173519  -0.00173519
804  -0.00140473  -0.00140473
805  -0.00106856  -0.00106856
806  -0.000727181  -0.000727181
807  -0.000381091  -0.000381091
808  -3.08269e-05  -3.08269e-05
809  0.000323053  0.000323053
810  0.000679975  0.000679975
811  0.00103935  0.00103935
812  0.00140059  0.00140059
813  0.00176309  0.00176309
814  0.00212626  0.00212626
815  0.00248948  0.00248948
816  0.00285219  0.00285219
817  0.00321379  0.00321379
818  0.00357374  0.00357374
819  0.00393149  0.00393149
820  0.00428652  0.00428652
821  0.00463834  0.00463834
822  0.0049865  0.0049865
823  0.00533054  0.00533054
824  0.00567009  0.00567009
825  0.00600477  0.00600477
826  0.00633426  0.00633426
827  0.00665827  0.00665827
828  0.00697656  0.00697656
829  0.00728891  0.00728891
830  0.00759516  0.00759516
831  0.00789517  0.00789517
832  0.00818884  0.00818884
833  0.00847613  0.00847613
834  0.008757  0.008757
835  0.00903146  0.00903146
836  0.00929956  0.00929956
837  0.00956137  0.00956137
838  0.00981697  0.00981697
839  0.0100665  0.0100665
840  0.0103101  0.0103101
841  0.0105479  0.0105479
842  0.01078  0.01078
843  0.0110067  0.0110067
844  0.0112282  0.0112282
845  0.0114446  0.0114446
846  0.0116562  0.0116562
847  0.011863  0.011863
848  0.0120654  0.0120654
849  0.0122635  0.0122635
850  0.0124575  0.0124575
851  0.0126476  0.0126476
852  0.0128339  0.0128339
853  0.0130166  0.0130166
854  0.0131958  0.0131958
855  0.0133716  0.0133716
856  0.0135442  0.0135442
857  0.0137136  0.0137136
858  0.01388  0.01388
859  0.0140434  0.0140434
860  0.0142038  0.0142038
861  0.0143614  0.0143614
862  0.014516  0.014516
863  0.0146678  0.0146678
864  0.0148167  0.0148167
865  0.0149627  0.0149627
866  0.0151058  0.0151058
867  0.015246  0.015246
868  0.0153831  0.0153831
869  0.0155173  0.0155173
870  0.0156482  0.0156482
871  0.0157761  0.0157761
872  0.0159006  0.0159006
873  0.0160218  0.0160218
874  0.0161396  0.0161396
875  0.0162539  0.0162539
876  0.0163645  0.0163645
877  0.0164715  0.0164715
878  0.0165746  0.0165746
879  0.0166739  0.0166739
880  0.0167692  0.0167692
881  0.0168604  0.0168604
882  0.0169474  0.0169474
883  0.0170301  0.0170301
884  0.0171085  0.0171085
885  0.0171825  0.0171825
886  0.017252  0.017252
887  0.0173169  0.0173169
888  0.0173772  0.0173772
889  0.0174328  0.0174328
890  0.0174836  0.0174836
891  0.0175297  0.0175297
892  0.0175709  0.0175709
893  0.0176073  0.0176073
894  0.0176388  0.0176388
895  0.0176655  0.0176655
896  0.0176872  0.0176872
897  0.0177041  0.0177041
898  0.0177161  0.0177161
899  0.0177233  0.0177233
900  0.0177256  0.0177256
901  0.0177232  0.0177232
902  0.017716  0.017716
903  0.0177041  0.0177041
904  0.0176876  0.0176876
905  0.0176665  0.0176665
906  0.0176409  0.0176409
907  0.017611  0.017611
908  0.0175766  0.0175766
909  0.0175381  0.0175381
910  0.0174954  0.0174954
911  0.0174486  0.0174486
912  0.0173979  0.0173979
913  0.0173433  0.0173433
914  0.017285  0.017285
915  0.0172231  0.0172231
916  0.0171576  0.0171576
917  0.0170888  0.0170888
918  0.0170166  0.0170166
919  0.0169412  0.0169412
920  0.0168628  0.0168628
921  0.0167814  0.0167814
922  0.0166971  0.0166971
923  0.0166101  0.0166101
924  0.0165205  0.0165205
925  0.0164283  0.0164283
926  0.0163337  0.0163337
927  0.0162368  0.0162368
928  0.0161376  0.0161376
929  0.0160363  0.0160363
930  0.015933  0.015933
931  0.0158277  0.0158277
932  0.0157206  0.0157206
933  0.0156117  0.0156117
934  0.015501  0.015501
935  0.0153888  0.0153888
936  0.015275  0.015275
937  0.0151598  0.0151598
938  0.0150431  0.0150431
939  0.0149251  0.0149251
940  0.0148058  0.0148058
941  0.0146853  0.0146853
942  0.0145636  0.0145636
943  0.0144408  0.0144408
944  0.014317  0.014317
945  0.0141922  0.0141922
946  0.0140664  0.0140664
947  0.0139397  0.0139397
948  0.0138122  0.0138122
949  0.0136838  0.0136838
950  0.0135547  0.0135547
951  0.0134249  0.0134249
952  0.0132944  0.0132944
953  0.0131632  0.0131632
954  0.0130314  0.0130314
955  0.0128991  0.0128991
956  0.0127663  0.0127663
957  0.012633  0.012633
958  0.0124992  0.0124992
959  0.012365  0.012365
960  0.0122305  0.0122305
961  0.0120957  0.0120957
962  0.0119606  0.0119606
963  0.0118252  0.0118252
964  0.0116896  0.0116896
965  0.0115539  0.0115539
966  0.011418  0.011418
967  0.0112821  0.0112821
968  0.0111461  0.0111461
969  0.0110101  0.0110101
970  0.0108742  0.0108742
971  0.0107383  0.0107383
972  0.0106026  0.0106026
973  0.010467  0.010467
974  0.0103316  0.0103316
975  0.0101964  0.0101964
976  0.0100616  0.0100616
977  0.00992702  0.00992702
978  0.00979282  0.00979282
979  0.00965902  0.00965902
980  0.00952565  0.00952565
981  0.00939275  0.00939275
982  0.00926036  0.00926036
983  0.0091285  0.0091285
984  0.00899722  0.00899722
985  0.00886656  0.00886656
986  0.00873653  0.00873653
987  0.00860718  0.00860718
988  0.00847853  0.00847853
989  0.00835062  0.00835062
990  0.00822348  0.00822348
991  0.00809712  0.00809712
992  0.00797158  0.00797158
993  0.00784689  0.00784689
994  0.00772306  0.00772306
995  0.00760013  0.00760013
996  0.0074781  0.0074781
997  0.00735701  0.00735701
998  0.00723686  0.00723686
999  0.00711769  0.00711769
1000  0.0069995  0.0069995
1001  0.00688231  0.00688231
1002  0.00676613  0.00676613
1003  0.00665098  0.00665098
1004  0.00653686  0.00653686
1005  0.0064238  0.0064238
1006  0.00631179  0.00631179
1007  0.00620085  0.00620085
1008  0.00609099  0.00609099
1009  0.0059822  0.0059822
1010  0.0058745  0.0058745
1011  0.00576789  0.00576789
1012  0.00566237  0.00566237
1013  0.00555795  0.00555795
1014  0.00545462  0.00545462
1015  0.0053524  0.0053524
1016  0.00525127  0.00525127
1017  0.00515124  0.00515124
1018  0.00505231  0.00505231
1019  0.00495448  0.00495448
1020  0.00485774  0.00485774
1021  0.00476209  0.00476209
1022  0.00466753  0.00466753
1023  0.00457406  0.00457406
1024  0.00448167  0.00448167
1025  0.00439035  0.00439035
1026  0.00430011  0.00430011
1027  0.00421094  0.00421094
1028  0.00412284  0.00412284
1029  0.00403579  0.00403579
1030  0.0039498  0.0039498
1031  0.00386485  0.00386485
1032  0.00378095  0.00378095
1033  0.00369809  0.00369809
1034  0.00361626  0.00361626
1035  0.00353545  0.00353545
1036  0.00345567  0.00345567
1037  0.0033769  0.0033769
1038  0.00329914  0.00329914
1039  0.00322238  0.00322238
1040  0.00314662  0.00314662
1041  0.00307185  0.00307185
1042  0.00299807  0.00299807
1043  0.00292527  0.00292527
1044  0.00285344  0.00285344
1045  0.00278258  0.00278258
1046  0.00271269  0.00271269
1047  0.00264375  0.00264375
1048  0.00257576  0.00257576
1049  0.00250872  0.00250872
1050  0.00244263  0.00244263
1051  0.00237746  0.00237746
1052  0.00231323  0.00231323
1053  0.00224992  0.00224992
1054  0.00218754  0.00218754
1055  0.00212607  0.00212607
1056  0.0020655  0.0020655
1057  0.00200584  0.00200584
1058  0.00194708  0.00194708
1059  0.00188922  0.00188922
1060  0.00183224  0.00183224
1061  0.00177615  0.00177615
1062  0.00172093  0.00172093
1063  0.00166659  0.00166659
1064  0.00161311  0.00161311
1065  0.0015605  0.0015605
1066  0.00150874  0.00150874
1067  0.00145784  0.00145784
1068  0.00140779  0.00140779
1069  0.00135857  0.00135857
1070  0.0013102  0.0013102
1071  0.00126265  0.00126265
1072  0.00121593  0.00121593
1073  0.00117003  0.00117003
1074  0.00112495  0.00112495
1075  0.00108067  0.00108067
1076  0.0010372  0.0010372
1077  0.00099453  0.00099453
1078  0.000952651  0.000952651
1079  0.000911559  0.000911559
1080  0.000871248  0.000871248
1081  0.000831712  0.000831712
1082  0.000792947  0.000792947
1083  0.000754945  0.000754945
1084  0.000717701  0.000717701
1085  0.000681208  0.000681208
1086  0.000645461  0.000645461
1087  0.000610454  0.000610454
1088  0.000576179  0.000576179
1089  0.000542631  0.000542631
1090  0.000509804  0.000509804
1091  0.00047769  0.00047769
1092  0.000446284  0.000446284
1093  0.000415578  0.000415578
1094  0.000385566  0.000385566
1095  0.000356242  0.000356242
1096  0.000327598  0.000327598
1097  0.000299627  0.000299627
1098  0.000272322  0.000272322
1099  0.000245678  0.000245678
1100  0.000219685  0.000219685
1101  0.000194338  0.000194338
1102  0.000169628  0.000169628
1103  0.000145549  0.000145549
1104  0.000122094  0.000122094
1105  9.92537e-05  9.92537e-05
1106  7.70221e-05  7.70221e-05
1107  5.53914e-05  5.53914e-05
1108  3.43538e-05  3.43538e-05
1109  1.39018e-05  1.39018e-05
1110  -5.97227e-06  -5.97227e-06
1111  -2.52763e-05  -2.52763e-05
1112  -4.40179e-05  -4.40179e-05
1113  -6.22049e-05  -6.22049e-05
1114  -7.98453e-05  -7.98453e-05
1115  -9.69468e-05  -9.69468e-05
1116  -0.000113517  -0.000113517
1117  -0.000129565  -0.000129565
1118  -0.000145098  -0.000145098
1119  -0.000160123  -0.000160123
1120  -0.00017465  -0.00017465
1121  -0.000188685  -0.000188685
1122  -0.000202238  -0.000202238
1123  -0.000215315  -0.000215315
1124  -0.000227925  -0.000227925
1125  -0.000240076  -0.000240076
1126  -0.000251777  -0.000251777
1127  -0.000263034  -0.000263034
1128  -0.000273856  -0.000273856
1129  -0.00028425  -0.00028425
1130  -0.000294226  -0.000294226
1131  -0.00030379  -0.00030379
1132  -0.00031295  -0.00031295
1133  -0.000321715  -0.000321715
1134  -0.000330091  -0.000330091
1135  -0.000338088  -0.000338088
1136  -0.000345712  -0.000345712
1137  -0.000352971  -0.000352971
1138  -0.000359872  -0.000359872
1139  -0.000366424  -0.000366424
1140  -0.000372633  -0.000372633
1141  -0.000378508  -0.000378508
1142  -0.000384055  -0.000384055
1143  -0.000389282  -0.000389282
1144  -0.000394195  -0.000394195
1145  -0.000398803  -0.000398803
1146  -0.000403112  -0.000403112
1147  -0.000407129  -0.000407129
1148  -0.000410862  -0.000410862
1149  -0.000414316  -0.000414316
1150  -0.000417499  -0.000417499
1151  -0.000420418  -0.000420418
1152  -0.000423079  -0.000423079
1153  -0.000425489  -0.000425489
1154  -0.000427654  -0.000427654
1155  -0.00042958  -0.00042958
1156  -0.000431275  -0.000431275
1157  -0.000432743  -0.000432743
1158  -0.000433992  -0.000433992
1159  -0.000435027  -0.000435027
1160  -0.000435855  -0.000435855
1161  -0.000436481  -0.000436481
1162  -0.000436911  -0.000436911
1163  -0.000437151  -0.000437151
1164  -0.000437207  -0.000437207
1165  -0.000437083  -0.000437083
1166  -0.000436786  -0.000436786
1167  -0.000436321  -0.000436321
1168  -0.000435693  -0.000435693
1169  -0.000434908  -0.000434908
1170  -0.000433971  -0.000433971
1171  -0.000432886  -0.000432886
1172  -0.000431659  -0.000431659
1173  -0.000430294  -0.000430294
1174  -0.000428797  -0.000428797
1175  -0.000427172  -0.000427172
1176  -0.000425424  -0.000425424
1177  -0.000423557  -0.000423557
1178  -0.000421576  -0.000421576
1179  -0.000419486  -0.000419486
1180  -0.00041729  -0.00041729
1181  -0.000414992  -0.000414992
1182  -0.000412598  -0.000412598
1183  -0.000410111  -0.000410111
1184  -0.000407535  -0.000407535
1185  -0.000404874  -0.000404874
1186  -0.000402132  -0.000402132
1187  -0.000399312  -0.000399312
1188  -0.000396419  -0.000396419
1189  -0.000393455  -0.000393455
1190  -0.000390425  -0.000390425
1191  -0.000387332  -0.000387332
1192  -0.000384179  -0.000384179
1193  -0.00038097  -0.00038097
1194  -0.000377708  -0.000377708
1195  -0.000374395  -0.000374395
1196  -0.000371036  -0.000371036
1197  -0.000367633  -0.000367633
1198  -0.000364188  -0.000364188
1199  -0.000360706  -0.000360706
1200  -0.000357188  -0.000357188
1201  -0.000353637  -0.000353637
1202  -0.000350057  -0.000350057
1203  -0.000346449  -0.000346449
1204  -0.000342816  -0.000342816
1205  -0.000339161  -0.000339161
1206  -0.000335485  -0.000335485
1207  -0.000331792  -0.000331792
1208  -0.000328084  -0.000328084
1209  -0.000324362  -0.000324362
1210  -0.000320629  -0.000320629
1211  -0.000316887  -0.000316887
1212  -0.000313138  -0.000313138
1213  -0.000309383  -0.000309383
1214  -0.000305626  -0.000305626
1215  -0.000301867  -0.000301867
1216  -0.000298108  -0.000298108
1217  -0.000294351  -0.000294351
1218  -0.000290597  -0.000290597
1219  -0.000286849  -0.000286849
1220  -0.000283108  -0.000283108
1221  -0.000279375  -0.000279375
1222  -0.000275652  -0.000275652
1223  -0.000271939  -0.000271939
1224  -0.000268239  -0.000268239
1225  -0.000264553  -0.000264553
1226  -0.000260882  -0.000260882
1227  -0.000257226  -0.000257226
1228  -0.000253588  -0.000253588
1229  -0.000249968  -0.000249968
1230  -0.000246368  -0.000246368
1231  -0.000242787  -0.000242787
1232  -0.000239228  -0.000239228
1233  -0.000235692  -0.000235692
1234  -0.000232178  -0.000232178
1235  -0.000228688  -0.000228688
1236  -0.000225223  -0.000225223
1237  -0.000221784  -0.000221784
1238  -0.00021837  -0.00021837
1239  -0.000214983  -0.000214983
1240  -0.000211624  -0.000211624
1241  -0.000208293  -0.000208293
1242  -0.00020499  -0.00020499
1243  -0.000201717  -0.000201717
1244  -0.000198473  -0.000198473
1245  -0.000195259  -0.000195259
1246  -0.000192076  -0.000192076
1247  -0.000188924  -0.000188924
1248  -0.000185803  -0.000185803
1249  -0.000182714  -0.000182714
1250  -0.000179656  -0.000179656
1251  -0.000176631  -0.000176631
1252  -0.000173639  -0.000173639
1253  -0.00017068  -0.00017068
1254  -0.000167753  -0.000167753
1255  -0.00016486  -0.00016486
1256  -0.000162  -0.000162
1257  -0.000159173  -0.000159173
1258  -0.00015638  -0.00015638
1259  -0.000153621  -0.000153621
1260  -0.000150896  -0.000150896
1261  -0.000148205  -0.000148205
1262  -0.000145547  -0.000145547
1263  -0.000142923  -0.000142923
1264  -0.000140334  -0.000140334
1265  -0.000137778  -0.000137778
1266  -0.000135256  -0.000135256
1267  -0.000132768  -0.000132768
1268  -0.000130314  -0.000130314
1269  -0.000127894  -0.000127894
1270  -0.000125507  -0.000125507
1271  -0.000123153  -0.000123153
1272  -0.000120834  -0.000120834
1273  -0.000118547  -0.000118547
1274  -0.000116293  -0.000116293
1275  -0.000114073  -0.000114073
1276  -0.000111885  -0.000111885
1277  -0.00010973  -0.00010973
1278  -0.000107607  -0.000107607
1279  -0.000105517  -0.000105517
1280  -0.000103458  -0.000103458
1281  -0.000101432  -0.000101432
1282  -9.94368e-05  -9.94368e-05
1283  -9.74732e-05  -9.74732e-05
1284  -9.55408e-05  -9.55408e-05
1285  -9.36392e-05  -9.36392e-05
1286  -9.17683e-05  -9.17683e-05
1287  -8.99278e-05  -8.99278e-05
1288  -8.81174e-05  -8.81174e-05
1289  -8.63369e-05  -8.63369e-05
1290  -8.45859e-05  -8.45859e-05
1291  -8.28643e-05  -8.28643e-05
1292  -8.11716e-05  -8.11716e-05
1293  -7.95077e-05  -7.95077e-05
1294  -7.78723e-05  -7.78723e-05
1295  -7.62649e-05  -7.62649e-05
1296  -7.46855e-05  -7.46855e-05
1297  -7.31335e-05  -7.31335e-05
1298  -7.16088e-05  -7.16088e-05
1299  -7.01111e-05  -7.01111e-05
1300  -6.86399e-05  -6.86399e-05
1301  -6.71951e-05  -6.71951e-05
1302  -6.57763e-05  -6.57763e-05
1303  -6.43831e-05  -6.43831e-05
1304  -6.30154e-05  -6.30154e-05
1305  -6.16726e-05  -6.16726e-05
1306  -6.03546e-05  -6.03546e-05
1307  -5.90611e-05  -5.90611e-05
1308  -5.77916e-05  -5.77916e-05
1309  -5.65459e-05  -5.65459e-05
1310  -5.53236e-05  -5.53236e-05
1311  -5.41245e-05  -5.41245e-05
1312  -5.29482e-05  -5.29482e-05
1313  -5.17944e-05  -5.17944e-05
1314  -5.06628e-05  -5.06628e-05
1315  -4.9553e-05  -4.9553e-05
1316  -4.84648e-05  -4.84648e-05
1317  -4.73979e-05  -4.73979e-05
1318  -4.63518e-05  -4.63518e-05
1319  -4.53264e-05  -4.53264e-05
1320  -4.43212e-05  -4.43212e-05
1321  -4.33361e-05  -4.33361e-05
1322  -4.23706e-05  -4.23706e-05
1323  -4.14244e-05  -4.14244e-05
1324  -4.04974e-05  -4.04974e-05
1325  -3.95891e-05  -3.95891e-05
1326  -3.86992e-05  -3.86992e-05
1327  -3.78275e-05  -3.78275e-05
1328  -3.69737e-05  -3.69737e-05
1329  -3.61375e-05  -3.61375e-05
1330  -3.53185e-05  -3.53185e-05
1331  -3.45165e-05  -3.45165e-05
1332  -3.37312e-05  -3.37312e-05
1333  -3.29624e-05  -3.29624e-05
1334  -3.22096e-05  -3.22096e-05
1335  -3.14727e-05  -3.14727e-05
1336  -3.07514e-05  -3.07514e-05
1337  -3.00455e-05  -3.00455e-05
1338  -2.93545e-05  -2.93545e-05
1339  -2.86783e-05  -2.86783e-05
1340  -2.80166e-05  -2.80166e-05
1341  -2.73692e-05  -2.73692e-05
1342  -2.67357e-05  -2.67357e-05
1343  -2.6116e-05  -2.6116e-05
1344  -2.55097e-05  -2.55097e-05
1345  -2.49166e-05  -2.49166e-05
1346  -2.43366e-05  -2.43366e-05
1347  -2.37692e-05  -2.37692e-05
1348  -2.32144e-05  -2.32144e-05
1349  -2.26718e-05  -2.26718e-05
1350  -2.21412e-05  -2.21412e-05
1351  -2.16224e-05  -2.16224e-05
1352  -2.11152e-05  -2.11152e-05
1353  -2.06193e-05  -2.06193e-05
1354  -2.01345e-05  -2.01345e-05
1355  -1.96606e-05  -1.96606e-05
1356  -1.91974e-05  -1.91974e-05
1357  -1.87446e-05  -1.87446e-05
1358  -1.83021e-05  -1.83021e-05
1359  -1.78697e-05  -1.78697e-05
1360  -1.74471e-05  -1.74471e-05
1361  -1.70341e-05  -1.70341e-05
1362  -1.66306e-05  -1.66306e-05
1363  -1.62364e-05  -1.62364e-05
1364  -1.58512e-05  -1.58512e-05
1365  -1.54749e-05  -1.54749e-05
1366  -1.51073e-05  -1.51073e-05
1367  -1.47482e-05  -1.47482e-05
1368  -1.43974e-05  -1.43974e-05
1369  -1.40548e-05  -1.40548e-05
1370  -1.37201e-05  -1.37201e-05
